This is XeTeX, Version 3.141592653-2.6-0.999997 (TeX Live 2025) (preloaded format=xelatex 2025.6.8)  8 JUN 2025 12:49
entering extended mode
 restricted \write18 enabled.
 %&-line parsing enabled.
**/Users/zika/projects/ed-foraging-hall-mcmaster-and-zika/output/item_correlati
ons_with_speeding_up.tex

(/Users/zika/projects/ed-foraging-hall-mcmaster-and-zika/output/item_correlatio
ns_with_speeding_up.tex
LaTeX2e <2024-11-01> patch level 2
L3 programming layer <2025-01-18>

! LaTeX Error: File `standalone.cls' not found.

Type X to quit or <RETURN> to proceed,
or enter new name. (Default extension: cls)

Enter file name: 
! Emergency stop.
<read *> 
         
l.2 \usepackage
               {amssymb, amsmath}^^M
*** (cannot \read from terminal in nonstop modes)

 
Here is how much of TeX's memory you used:
 19 strings out of 475366
 641 string characters out of 5762340
 382291 words of memory out of 5000000
 23092 multiletter control sequences out of 15000+600000
 558837 words of font info for 36 fonts, out of 8000000 for 9000
 319 hyphenation exceptions out of 8191
 19i,0n,29p,171b,17s stack positions out of 10000i,1000n,20000p,200000b,200000s
No pages of output.
